2025/05/29 02:20:09 数据库初始化成功
[GIN-debug] [WARNING] Creating an Engine instance with the Logger and Recovery middleware already attached.

[GIN-debug] [WARNING] Running in "debug" mode. Switch to "release" mode in production.
 - using env:	export GIN_MODE=release
 - using code:	gin.SetMode(gin.ReleaseMode)

[GIN-debug] GET    /api/products             --> uniapp-order-backend/controllers.(*ProductController).GetProducts-fm (4 handlers)
[GIN-debug] GET    /api/products/:id         --> uniapp-order-backend/controllers.(*ProductController).GetProduct-fm (4 handlers)
[GIN-debug] POST   /api/products             --> uniapp-order-backend/controllers.(*ProductController).CreateProduct-fm (4 handlers)
[GIN-debug] PUT    /api/products/:id         --> uniapp-order-backend/controllers.(*ProductController).UpdateProduct-fm (4 handlers)
[GIN-debug] DELETE /api/products/:id         --> uniapp-order-backend/controllers.(*ProductController).DeleteProduct-fm (4 handlers)
[GIN-debug] GET    /api/products/categories  --> uniapp-order-backend/controllers.(*ProductController).GetCategories-fm (4 handlers)
[GIN-debug] GET    /api/customers            --> uniapp-order-backend/controllers.(*CustomerController).GetCustomers-fm (4 handlers)
[GIN-debug] GET    /api/customers/:id        --> uniapp-order-backend/controllers.(*CustomerController).GetCustomer-fm (4 handlers)
[GIN-debug] POST   /api/customers            --> uniapp-order-backend/controllers.(*CustomerController).CreateCustomer-fm (4 handlers)
[GIN-debug] PUT    /api/customers/:id        --> uniapp-order-backend/controllers.(*CustomerController).UpdateCustomer-fm (4 handlers)
[GIN-debug] DELETE /api/customers/:id        --> uniapp-order-backend/controllers.(*CustomerController).DeleteCustomer-fm (4 handlers)
[GIN-debug] GET    /api/customers/:id/addresses --> uniapp-order-backend/controllers.(*CustomerController).GetCustomerAddresses-fm (4 handlers)
[GIN-debug] POST   /api/customers/:id/addresses --> uniapp-order-backend/controllers.(*CustomerController).AddCustomerAddress-fm (4 handlers)
[GIN-debug] GET    /api/orders               --> uniapp-order-backend/controllers.(*OrderController).GetOrders-fm (4 handlers)
[GIN-debug] GET    /api/orders/:id           --> uniapp-order-backend/controllers.(*OrderController).GetOrder-fm (4 handlers)
[GIN-debug] POST   /api/orders               --> uniapp-order-backend/controllers.(*OrderController).CreateOrder-fm (4 handlers)
[GIN-debug] PUT    /api/orders/:id           --> uniapp-order-backend/controllers.(*OrderController).UpdateOrder-fm (4 handlers)
[GIN-debug] DELETE /api/orders/:id           --> uniapp-order-backend/controllers.(*OrderController).DeleteOrder-fm (4 handlers)
[GIN-debug] GET    /api/orders/calendar      --> uniapp-order-backend/controllers.(*OrderController).GetCalendarData-fm (4 handlers)
[GIN-debug] GET    /api/dashboard            --> uniapp-order-backend/controllers.(*DashboardController).GetDashboardData-fm (4 handlers)
[GIN-debug] GET    /health                   --> uniapp-order-backend/routes.SetupRoutes.func1 (4 handlers)
2025/05/29 02:20:09 服务器启动在: 0.0.0.0:12001
[GIN-debug] [WARNING] You trusted all proxies, this is NOT safe. We recommend you to set a value.
Please check https://pkg.go.dev/github.com/gin-gonic/gin#readme-don-t-trust-all-proxies for details.
[GIN-debug] Listening and serving HTTP on 0.0.0.0:12001
[GIN] 2025/05/29 - 02:20:13 | 200 |       85.73µs |       127.0.0.1 | GET      "/health"
[GIN] 2025/05/29 - 02:20:19 | 200 |      531.99µs |       127.0.0.1 | GET      "/api/customers/6"
[GIN] 2025/05/29 - 02:20:25 | 200 |      367.87µs |       127.0.0.1 | GET      "/api/customers?page=1&limit=10"
[GIN] 2025/05/29 - 02:20:29 | 200 |    4.025459ms |       127.0.0.1 | POST     "/api/customers/6/addresses"
[GIN] 2025/05/29 - 02:20:33 | 200 |      143.21µs |       127.0.0.1 | GET      "/api/customers/6/addresses"
